[2022-10-17 22:53:53.003] [sharedprocess] [info] Starting worker process with pid 11698 (type: fileWatcher, window: 1).
[2022-10-17 22:57:00.255] [sharedprocess] [info] Getting Manifest... yile-ou.paddy-color-theme
[2022-10-17 22:57:00.268] [sharedprocess] [info] Installing extension: yile-ou.paddy-color-theme
[2022-10-17 22:57:01.291] [sharedprocess] [info] Downloaded extension: yile-ou.paddy-color-theme /home/andreco/.config/Code - OSS/CachedExtensionVSIXs/yile-ou.paddy-color-theme-1.10.8
[2022-10-17 22:57:01.431] [sharedprocess] [info] Extracted extension to /home/andreco/.vscode-oss/extensions/.82b20bbb-00c3-4d02-a91e-7ae1056f3eae: yile-ou.paddy-color-theme
[2022-10-17 22:57:01.490] [sharedprocess] [info] Renamed to /home/andreco/.vscode-oss/extensions/yile-ou.paddy-color-theme-1.10.8
[2022-10-17 22:57:01.494] [sharedprocess] [info] Extracting completed. yile-ou.paddy-color-theme
[2022-10-17 22:57:01.498] [sharedprocess] [info] Extension installed successfully: yile-ou.paddy-color-theme
[2022-10-17 22:58:05.788] [sharedprocess] [info] Getting Manifest... pkief.material-icon-theme
[2022-10-17 22:58:05.797] [sharedprocess] [info] Installing extension: pkief.material-icon-theme
[2022-10-17 22:58:07.028] [sharedprocess] [info] Downloaded extension: pkief.material-icon-theme /home/andreco/.config/Code - OSS/CachedExtensionVSIXs/pkief.material-icon-theme-4.21.0
[2022-10-17 22:58:07.739] [sharedprocess] [info] Extracted extension to /home/andreco/.vscode-oss/extensions/.38238b69-cf7f-48bf-bd42-93e5bf139321: pkief.material-icon-theme
[2022-10-17 22:58:07.780] [sharedprocess] [info] Renamed to /home/andreco/.vscode-oss/extensions/pkief.material-icon-theme-4.21.0
[2022-10-17 22:58:07.783] [sharedprocess] [info] Extracting completed. pkief.material-icon-theme
[2022-10-17 22:58:07.784] [sharedprocess] [info] Extension installed successfully: pkief.material-icon-theme
[2022-10-17 22:58:16.531] [sharedprocess] [info] Getting Manifest... ms-vscode.cpptools
[2022-10-17 22:58:16.543] [sharedprocess] [info] Installing extension: ms-vscode.cpptools
[2022-10-17 22:58:22.087] [sharedprocess] [info] Getting Manifest... ms-vscode.cpptools-extension-pack
[2022-10-17 22:58:22.098] [sharedprocess] [info] Installing extension: ms-vscode.cpptools-extension-pack
[2022-10-17 22:58:23.288] [sharedprocess] [info] Getting Manifest... ms-vscode.cpptools
[2022-10-17 22:58:23.299] [sharedprocess] [info] Getting Manifest... ms-vscode.cmake-tools
[2022-10-17 22:58:25.157] [sharedprocess] [info] Getting Manifest... twxs.cmake
[2022-10-17 22:58:27.310] [sharedprocess] [info] Getting Manifest... ms-vscode.cpptools-themes
[2022-10-17 22:58:30.016] [sharedprocess] [info] Waiting for already requested installing extension ms-vscode.cpptools ms-vscode.cpptools-extension-pack
[2022-10-17 22:58:30.016] [sharedprocess] [info] Installing extension: ms-vscode.cmake-tools ms-vscode.cpptools-extension-pack
[2022-10-17 22:58:30.017] [sharedprocess] [info] Installing extension: twxs.cmake ms-vscode.cpptools-extension-pack
[2022-10-17 22:58:30.017] [sharedprocess] [info] Installing extension: ms-vscode.cpptools-themes ms-vscode.cpptools-extension-pack
[2022-10-17 22:58:33.018] [sharedprocess] [info] Downloaded extension: ms-vscode.cpptools-themes /home/andreco/.config/Code - OSS/CachedExtensionVSIXs/ms-vscode.cpptools-themes-1.0.0
[2022-10-17 22:58:33.050] [sharedprocess] [info] Extracted extension to /home/andreco/.vscode-oss/extensions/.296a213b-2b35-4de2-985c-f8afd087e6f2: ms-vscode.cpptools-themes
[2022-10-17 22:58:33.090] [sharedprocess] [info] Renamed to /home/andreco/.vscode-oss/extensions/ms-vscode.cpptools-themes-1.0.0
[2022-10-17 22:58:33.092] [sharedprocess] [info] Extracting completed. ms-vscode.cpptools-themes
[2022-10-17 22:58:33.600] [sharedprocess] [info] Downloaded extension: ms-vscode.cmake-tools /home/andreco/.config/Code - OSS/CachedExtensionVSIXs/ms-vscode.cmake-tools-1.12.27
[2022-10-17 22:58:33.809] [sharedprocess] [info] Extracted extension to /home/andreco/.vscode-oss/extensions/.6afb1e4f-de0d-4157-bb1e-71b18bbebd7e: ms-vscode.cmake-tools
[2022-10-17 22:58:33.851] [sharedprocess] [info] Renamed to /home/andreco/.vscode-oss/extensions/ms-vscode.cmake-tools-1.12.27
[2022-10-17 22:58:33.856] [sharedprocess] [info] Extracting completed. ms-vscode.cmake-tools
[2022-10-17 22:58:35.362] [sharedprocess] [info] Downloaded extension: ms-vscode.cpptools /home/andreco/.config/Code - OSS/CachedExtensionVSIXs/ms-vscode.cpptools-1.12.4-linux-x64
[2022-10-17 22:58:35.635] [sharedprocess] [info] Downloaded extension: twxs.cmake /home/andreco/.config/Code - OSS/CachedExtensionVSIXs/twxs.cmake-0.0.17
[2022-10-17 22:58:35.830] [sharedprocess] [info] Extracted extension to /home/andreco/.vscode-oss/extensions/.15c81d6b-bacc-4532-9af9-bab331fc6218: twxs.cmake
[2022-10-17 22:58:35.863] [sharedprocess] [info] Renamed to /home/andreco/.vscode-oss/extensions/twxs.cmake-0.0.17
[2022-10-17 22:58:35.865] [sharedprocess] [info] Extracting completed. twxs.cmake
[2022-10-17 22:58:36.422] [sharedprocess] [info] Downloaded extension: ms-vscode.cpptools-extension-pack /home/andreco/.config/Code - OSS/CachedExtensionVSIXs/ms-vscode.cpptools-extension-pack-1.3.0
[2022-10-17 22:58:36.440] [sharedprocess] [info] Extracted extension to /home/andreco/.vscode-oss/extensions/.670fe76b-4f7a-41b3-9901-c6c0837d2b58: ms-vscode.cpptools-extension-pack
[2022-10-17 22:58:36.480] [sharedprocess] [info] Renamed to /home/andreco/.vscode-oss/extensions/ms-vscode.cpptools-extension-pack-1.3.0
[2022-10-17 22:58:36.482] [sharedprocess] [info] Extracting completed. ms-vscode.cpptools-extension-pack
[2022-10-17 22:58:38.598] [sharedprocess] [info] Extracted extension to /home/andreco/.vscode-oss/extensions/.ce3c3e7d-3801-4f9a-8460-c6598d568895: ms-vscode.cpptools
[2022-10-17 22:58:38.643] [sharedprocess] [info] Renamed to /home/andreco/.vscode-oss/extensions/ms-vscode.cpptools-1.12.4-linux-x64
[2022-10-17 22:58:38.659] [sharedprocess] [info] Extracting completed. ms-vscode.cpptools
[2022-10-17 22:58:38.668] [sharedprocess] [info] Extension installed successfully: ms-vscode.cpptools
[2022-10-17 22:58:38.669] [sharedprocess] [info] Extension installed successfully: ms-vscode.cpptools-themes
[2022-10-17 22:58:38.669] [sharedprocess] [info] Extension installed successfully: ms-vscode.cmake-tools
[2022-10-17 22:58:38.670] [sharedprocess] [info] Extension installed successfully: twxs.cmake
[2022-10-17 22:58:38.670] [sharedprocess] [info] Extension installed successfully: ms-vscode.cpptools-extension-pack
[2022-10-17 22:58:57.999] [sharedprocess] [info] Worker process with pid 11698 terminated normally (type: fileWatcher, window: 1).
[2022-10-17 22:58:59.509] [sharedprocess] [info] Starting worker process with pid 13233 (type: fileWatcher, window: 1).
